<?xml version="1.0" encoding="UTF-8"?>
<!-- Generated by org.testng.reporters.JUnitXMLReporter -->
<testsuite hostname="IN-IT1113" ignored="4" name="SmokeTests" tests="3" failures="0" timestamp="29 Apr 2019 08:29:00 GMT" time="0.484" errors="0">
  <testcase name="@BeforeClass setUpandInitialize" time="0.001" classname="com.qa.AmazonTestCases.AmazonHomePageAfterSignInTest">
    <failure type="java.lang.NullPointerException">
      <![CDATA[java.lang.NullPointerException
at com.qa.AmazonTestCases.AmazonHomePageAfterSignInTest.setUpandInitialize(AmazonHomePageAfterSignInTest.java:33)
... Removed 26 stack frames]]>
    </failure>
  </testcase> <!-- @BeforeClass setUpandInitialize -->
  <testcase name="@BeforeClass initialzePageObjectsAndMethodsInLoginPage" time="0.006" classname="com.qa.AmazonTestCases.ProductTest">
    <failure type="java.lang.NullPointerException">
      <![CDATA[java.lang.NullPointerException
at com.qa.AmazonTestCases.ProductTest.initialzePageObjectsAndMethodsInLoginPage(ProductTest.java:39)
... Removed 26 stack frames]]>
    </failure>
  </testcase> <!-- @BeforeClass initialzePageObjectsAndMethodsInLoginPage -->
  <testcase name="printtextInSignPage" time="0.0" classname="com.qa.AmazonTestCases.AmazonHomePageAfterSignInTest">
    <skipped/>
  </testcase> <!-- printtextInSignPage -->
  <testcase name="printText" time="0.0" classname="com.qa.AmazonTestCases.ProductTest">
    <skipped/>
  </testcase> <!-- printText -->
  <testcase name="validateContentOnHomePage" time="0.0" classname="com.qa.AmazonTestCases.AmazonHomePageAfterSignInTest">
    <skipped/>
  </testcase> <!-- validateContentOnHomePage -->
  <testcase name="@BeforeSuite startDriver" time="0.0" classname="com.qa.AmazonTestCases.StartStopDriverTest">
    <ignored/>
  </testcase> <!-- @BeforeSuite startDriver -->
  <testcase name="clickOnShopByCategoryOption" time="0.0" classname="com.qa.AmazonTestCases.AmazonHomePageAfterSignInTest">
    <ignored/>
  </testcase> <!-- clickOnShopByCategoryOption -->
  <testcase name="@AfterSuite closeDriver" time="0.0" classname="com.qa.AmazonTestCases.StartStopDriverTest">
    <ignored/>
  </testcase> <!-- @AfterSuite closeDriver -->
  <testcase name="clickOnGivenTextOnSearchBox" time="0.0" classname="com.qa.AmazonTestCases.ProductTest">
    <ignored/>
  </testcase> <!-- clickOnGivenTextOnSearchBox -->
</testsuite> <!-- SmokeTests -->
